<?xml version="1.0" encoding="UTF-8"?>
<!-- Generated by org.testng.reporters.JUnitXMLReporter -->
<testsuite ignored="0" hostname="Shahroses-MBP.fios-router.home" failures="0" tests="4" name="Test" time="28.117" errors="0" timestamp="2021-07-05T16:47:24 EDT">
  <testcase classname="End.validationTitle" name="basenavigation" time="0.327"/>
  <testcase classname="End.validationBAR" name="basenavigation" time="0.426"/>
  <testcase classname="End.HomePage" name="basenavigation" time="3.809"/>
  <testcase classname="End.HomePage" name="basenavigation" time="3.229"/>
</testsuite> <!-- Test -->
