<?xml version="1.0" encoding="UTF-8"?>
<testsuite xmlns:xsi="http://www.w3.org/2001/XMLSchema-instance" xsi:noNamespaceSchemaLocation="https://maven.apache.org/surefire/maven-surefire-plugin/xsd/surefire-test-report-3.0.xsd" version="3.0" name="TestSuite" time="20.199" tests="5" errors="0" skipped="0" failures="0">
  <properties>
[...]
</properties>
  <testcase name="basenavigation" classname="End.validationTitle" time="0.298">
    <system-err><![CDATA[SSttaarrting SCtharrotmeDriver 90.0.t44i3n0g. 24C hr(o4mce6Ddr8i5v0ef0r8 79d0a.406.74d493206.e284e d(d4b7c665d5805a0eifd06n85g 75C9dh9ar14o6-m7erdDe9rf2i6sve/e8brer d9ad0nb.c07h.6-54h45e30a0ade.s2d/644 55(4943c9061@d-{r#8e45f20s9f/}0b)r8 a7ondnca4h -6p7horetda9 d2s3/2969e98
Oenly dldobc7a6l5 5c0oanneecd6t55i9o9n1s- raerfe sal/lborwaendc.h
P-lhea4esa4ed3 ss/e4e4 3h0t@t{0p@#s4{:2#/94}/2)9c} h)orn o omnep opdrorrti tv1 e16r35.81c08h3
r
OoOnmnliyluy m l.oloocrcagal/ lsecuri tcy-onconnescitdieornasti oanres  allowed.c
oPnleansee csteie hotnts pasr:e //chroalmleodweriver.chforr soumgiguems.toirogn/dss. eo
cnPu lrekieatesyep-i cnsoegn esC ihhdtreotrpmaest:Dir/oi/nvcseh rrf oomsrae dfsreu.igv
geers.tcihornosm iounm .koeerpgi/nsge cCuhrriotmye-Dcroinvseir dsearfaet.
ions for suggestions on keeping ChromeDriver safe.
ChromeDriver wasC shtarrotmeedD rsiuvcceer swsafsu lslty.a
rteCdh rsoumcecDersisvfeurl lwya.s
 started successfully.
[1626025371.151][WARNING]: This version of Chro[m1e6D2ri6v0e25r3 h7a1s. 1n5o2t] [bWARNING]: This version of Chromeen tested with Chrome veresDiroinv e9r1. 
has not been tested with Chrome version 91.
[1626025371.186][WARNING]: This version of ChromeDriver has not been tested with Chrome version 91.
Jul 11, 2021 1:42:52 PM org.openqa.selenium.remote.ProtocolHandshake createSession
INFO: Detected dialect: W3C
Jul 11, 2021 1:42:52 PM org.openqa.selenium.remote.ProtocolHandshake createSession
INFO: Detected dialect: W3C
Jul 11, 2021 1:42:52 PM org.openqa.selenium.remote.ProtocolHandshake createSession
INFO: Detected dialect: W3C
]]></system-err>
  </testcase>
  <testcase name="gettingHeader" classname="End.validationTitle" time="0.135"/>
  <testcase name="basenavigation" classname="End.validationBAR" time="0.162"/>
  <testcase name="basenavigation[nonrestrict@user.com, w23432234, text](1)" classname="End.HomePage" time="3.112"/>
  <testcase name="basenavigation[restrict@user.com, 212313123, text](2)" classname="End.HomePage" time="1.75"/>
</testsuite>